<?xml version="1.0" encoding="UTF-8"?>
<!-- Generated by org.testng.reporters.JUnitXMLReporter -->
<testsuite ignored="0" hostname="DESKTOP-07J33UQ" failures="0" tests="3" name="Default test" time="0.093" errors="0" timestamp="2022-05-10T15:57:01 IST">
  <testcase classname="com.crm.contactsTest.ContactTest" name="createContact" time="0.015"/>
  <testcase classname="com.crm.contactsTest.ContactTest" name="deleteContact" time="0.002"/>
  <testcase classname="com.crm.contactsTest.ContactTest" name="modifyContact" time="0.002"/>
</testsuite> <!-- Default test -->
