<?xml version="1.0" encoding="UTF-8"?>
<!-- Generated by org.testng.reporters.JUnitXMLReporter -->
<testsuite hostname="DESKTOP-07J33UQ" ignored="0" name="Command line test" tests="9" failures="0" timestamp="2022-05-10T17:15:55 IST" time="0.097" errors="0">
  <testcase name="createContact" time="0.007" classname="com.crm.contactsTest.ContactTest"/>
  <testcase name="deleteContact" time="0.0" classname="com.crm.contactsTest.ContactTest"/>
  <testcase name="modifyContact" time="0.001" classname="com.crm.contactsTest.ContactTest"/>
  <testcase name="createOrg" time="0.0" classname="com.crm.OrganizationTest.OrganizationTest"/>
  <testcase name="deleteOrg" time="0.001" classname="com.crm.OrganizationTest.OrganizationTest"/>
  <testcase name="modifyOrg" time="0.0" classname="com.crm.OrganizationTest.OrganizationTest"/>
  <testcase name="createCampaign" time="0.001" classname="crm.crm.campaignsTest.CampainsTest"/>
  <testcase name="deleteCampaign" time="0.0" classname="crm.crm.campaignsTest.CampainsTest"/>
  <testcase name="modifyCampaign" time="0.001" classname="crm.crm.campaignsTest.CampainsTest"/>
</testsuite> <!-- Command line test -->
