<?xml version="1.0" encoding="UTF-8"?>
<!-- Generated by org.testng.reporters.JUnitXMLReporter -->
<testsuite hostname="DESKTOP-07J33UQ" ignored="4" name="Test" tests="2" failures="0" timestamp="2022-05-10T16:09:33 IST" time="0.075" errors="0">
  <testcase name="createCampaign" time="0.007" classname="crm.crm.campaignsTest.CampainsTest"/>
  <testcase name="createContact" time="0.001" classname="com.crm.contactsTest.ContactTest"/>
  <testcase name="deleteContact" time="0.0" classname="com.crm.contactsTest.ContactTest">
    <ignored/>
  </testcase> <!-- deleteContact -->
  <testcase name="modifyContact" time="0.0" classname="com.crm.contactsTest.ContactTest">
    <ignored/>
  </testcase> <!-- modifyContact -->
  <testcase name="deleteCampaign" time="0.0" classname="crm.crm.campaignsTest.CampainsTest">
    <ignored/>
  </testcase> <!-- deleteCampaign -->
  <testcase name="modifyCampaign" time="0.0" classname="crm.crm.campaignsTest.CampainsTest">
    <ignored/>
  </testcase> <!-- modifyCampaign -->
</testsuite> <!-- Test -->
