<?xml version="1.0" encoding="UTF-8"?>
<testng-results skipped="0" failed="0" ignored="0" total="9" passed="9">
  <reporter-output>
  </reporter-output>
  <suite name="Command line suite" duration-ms="97" started-at="2022-05-10T17:15:55 IST" finished-at="2022-05-10T17:15:55 IST">
    <groups>
      <group name="regressionTest">
        <method signature="CampainsTest.deleteCampaign()[pri:0, instance:crm.crm.campaignsTest.CampainsTest@31610302]" name="deleteCampaign" class="crm.crm.campaignsTest.CampainsTest"/>
        <method signature="CampainsTest.modifyCampaign()[pri:0, instance:crm.crm.campaignsTest.CampainsTest@31610302]" name="modifyCampaign" class="crm.crm.campaignsTest.CampainsTest"/>
        <method signature="ContactTest.deleteContact()[pri:0, instance:com.crm.contactsTest.ContactTest@192b07fd]" name="deleteContact" class="com.crm.contactsTest.ContactTest"/>
        <method signature="ContactTest.modifyContact()[pri:0, instance:com.crm.contactsTest.ContactTest@192b07fd]" name="modifyContact" class="com.crm.contactsTest.ContactTest"/>
        <method signature="OrganizationTest.deleteOrg()[pri:0, instance:com.crm.OrganizationTest.OrganizationTest@31dc339b]" name="deleteOrg" class="com.crm.OrganizationTest.OrganizationTest"/>
        <method signature="OrganizationTest.modifyOrg()[pri:0, instance:com.crm.OrganizationTest.OrganizationTest@31dc339b]" name="modifyOrg" class="com.crm.OrganizationTest.OrganizationTest"/>
      </group> <!-- regressionTest -->
      <group name="smokeTest">
        <method signature="CampainsTest.createCampaign()[pri:0, instance:crm.crm.campaignsTest.CampainsTest@31610302]" name="createCampaign" class="crm.crm.campaignsTest.CampainsTest"/>
        <method signature="ContactTest.createContact()[pri:0, instance:com.crm.contactsTest.ContactTest@192b07fd]" name="createContact" class="com.crm.contactsTest.ContactTest"/>
        <method signature="OrganizationTest.createOrg()[pri:0, instance:com.crm.OrganizationTest.OrganizationTest@31dc339b]" name="createOrg" class="com.crm.OrganizationTest.OrganizationTest"/>
      </group> <!-- smokeTest -->
    </groups>
    <test name="Command line test" duration-ms="97" started-at="2022-05-10T17:15:55 IST" finished-at="2022-05-10T17:15:55 IST">
      <class name="com.crm.contactsTest.ContactTest">
        <test-method status="PASS" signature="createContact()[pri:0, instance:com.crm.contactsTest.ContactTest@192b07fd]" name="createContact" duration-ms="7" started-at="2022-05-10T17:15:55 IST" finished-at="2022-05-10T17:15:55 IST">
          <reporter-output>
          </reporter-output>
        </test-method> <!-- createContact -->
        <test-method status="PASS" signature="deleteContact()[pri:0, instance:com.crm.contactsTest.ContactTest@192b07fd]" name="deleteContact" duration-ms="0" started-at="2022-05-10T17:15:55 IST" finished-at="2022-05-10T17:15:55 IST">
          <reporter-output>
          </reporter-output>
        </test-method> <!-- deleteContact -->
        <test-method status="PASS" signature="modifyContact()[pri:0, instance:com.crm.contactsTest.ContactTest@192b07fd]" name="modifyContact" duration-ms="1" started-at="2022-05-10T17:15:55 IST" finished-at="2022-05-10T17:15:55 IST">
          <reporter-output>
          </reporter-output>
        </test-method> <!-- modifyContact -->
      </class> <!-- com.crm.contactsTest.ContactTest -->
      <class name="crm.crm.campaignsTest.CampainsTest">
        <test-method status="PASS" signature="createCampaign()[pri:0, instance:crm.crm.campaignsTest.CampainsTest@31610302]" name="createCampaign" duration-ms="1" started-at="2022-05-10T17:15:55 IST" finished-at="2022-05-10T17:15:55 IST">
          <reporter-output>
          </reporter-output>
        </test-method> <!-- createCampaign -->
        <test-method status="PASS" signature="deleteCampaign()[pri:0, instance:crm.crm.campaignsTest.CampainsTest@31610302]" name="deleteCampaign" duration-ms="0" started-at="2022-05-10T17:15:55 IST" finished-at="2022-05-10T17:15:55 IST">
          <reporter-output>
          </reporter-output>
        </test-method> <!-- deleteCampaign -->
        <test-method status="PASS" signature="modifyCampaign()[pri:0, instance:crm.crm.campaignsTest.CampainsTest@31610302]" name="modifyCampaign" duration-ms="1" started-at="2022-05-10T17:15:55 IST" finished-at="2022-05-10T17:15:55 IST">
          <reporter-output>
          </reporter-output>
        </test-method> <!-- modifyCampaign -->
      </class> <!-- crm.crm.campaignsTest.CampainsTest -->
      <class name="com.crm.OrganizationTest.OrganizationTest">
        <test-method status="PASS" signature="createOrg()[pri:0, instance:com.crm.OrganizationTest.OrganizationTest@31dc339b]" name="createOrg" duration-ms="0" started-at="2022-05-10T17:15:55 IST" finished-at="2022-05-10T17:15:55 IST">
          <reporter-output>
          </reporter-output>
        </test-method> <!-- createOrg -->
        <test-method status="PASS" signature="deleteOrg()[pri:0, instance:com.crm.OrganizationTest.OrganizationTest@31dc339b]" name="deleteOrg" duration-ms="1" started-at="2022-05-10T17:15:55 IST" finished-at="2022-05-10T17:15:55 IST">
          <reporter-output>
          </reporter-output>
        </test-method> <!-- deleteOrg -->
        <test-method status="PASS" signature="modifyOrg()[pri:0, instance:com.crm.OrganizationTest.OrganizationTest@31dc339b]" name="modifyOrg" duration-ms="0" started-at="2022-05-10T17:15:55 IST" finished-at="2022-05-10T17:15:55 IST">
          <reporter-output>
          </reporter-output>
        </test-method> <!-- modifyOrg -->
      </class> <!-- com.crm.OrganizationTest.OrganizationTest -->
    </test> <!-- Command line test -->
  </suite> <!-- Command line suite -->
</testng-results>
