<?xml version="1.0" encoding="UTF-8"?>
<!-- Generated by org.testng.reporters.JUnitXMLReporter -->
<testsuite hostname="DESKTOP-07J33UQ" ignored="0" name="Command line test" tests="3" failures="0" timestamp="2022-05-10T16:07:43 IST" time="0.075" errors="0">
  <testcase name="createContact" time="0.007" classname="com.crm.contactsTest.ContactTest"/>
  <testcase name="deleteContact" time="0.0" classname="com.crm.contactsTest.ContactTest"/>
  <testcase name="modifyContact" time="0.0" classname="com.crm.contactsTest.ContactTest"/>
</testsuite> <!-- Command line test -->
