<?xml version="1.0" encoding="UTF-8"?>
<testng-results ignored="0" total="3" passed="3" failed="0" skipped="0">
  <reporter-output>
  </reporter-output>
  <suite started-at="2022-05-10T15:57:01 IST" name="Default suite" finished-at="2022-05-10T15:57:01 IST" duration-ms="93">
    <groups>
      <group name="regressionTest">
        <method signature="ContactTest.deleteContact()[pri:0, instance:com.crm.contactsTest.ContactTest@66498326]" name="deleteContact" class="com.crm.contactsTest.ContactTest"/>
        <method signature="ContactTest.modifyContact()[pri:0, instance:com.crm.contactsTest.ContactTest@66498326]" name="modifyContact" class="com.crm.contactsTest.ContactTest"/>
      </group> <!-- regressionTest -->
      <group name="smokeTest">
        <method signature="ContactTest.createContact()[pri:0, instance:com.crm.contactsTest.ContactTest@66498326]" name="createContact" class="com.crm.contactsTest.ContactTest"/>
      </group> <!-- smokeTest -->
    </groups>
    <test started-at="2022-05-10T15:57:01 IST" name="Default test" finished-at="2022-05-10T15:57:01 IST" duration-ms="93">
      <class name="com.crm.contactsTest.ContactTest">
        <test-method signature="createContact()[pri:0, instance:com.crm.contactsTest.ContactTest@66498326]" started-at="2022-05-10T15:57:01 IST" name="createContact" finished-at="2022-05-10T15:57:01 IST" duration-ms="15" status="PASS">
          <reporter-output>
          </reporter-output>
        </test-method> <!-- createContact -->
        <test-method signature="deleteContact()[pri:0, instance:com.crm.contactsTest.ContactTest@66498326]" started-at="2022-05-10T15:57:01 IST" name="deleteContact" finished-at="2022-05-10T15:57:01 IST" duration-ms="2" status="PASS">
          <reporter-output>
          </reporter-output>
        </test-method> <!-- deleteContact -->
        <test-method signature="modifyContact()[pri:0, instance:com.crm.contactsTest.ContactTest@66498326]" started-at="2022-05-10T15:57:01 IST" name="modifyContact" finished-at="2022-05-10T15:57:01 IST" duration-ms="2" status="PASS">
          <reporter-output>
          </reporter-output>
        </test-method> <!-- modifyContact -->
      </class> <!-- com.crm.contactsTest.ContactTest -->
    </test> <!-- Default test -->
  </suite> <!-- Default suite -->
</testng-results>
